生成启动时间为 2015/12/16 12:18:10。
     1>项目“C:\Users\lenovo\Desktop\数据库2015\DBMS\数据库2015\数据库2015.vcxproj”在节点 2 上(Build 个目标)。
     1>ClCompile:
         F:\VisualStudio2015\VC\bin\x86_amd64\CL.exe /c /ZI /nologo /W3 /WX- /sdl /Od /D _DEBUG /D _CONSOLE /D _UNICODE /D UNICODE /Gm /EHsc /RTC1 /MDd /GS /fp:precise /Zc:wchar_t /Zc:forScope /Zc:inline /Fo"x64\Debug\\" /Fd"x64\Debug\vc140.pdb" /Gd /TP /errorReport:prompt object.cpp parser.cpp stmt.cpp testfilesystem.cpp
         testfilesystem.cpp
     1>c:\users\lenovo\desktop\数据库2015\dbms\数据库2015\testfilesystem.cpp : warning C4819: 该文件包含不能在当前代码页(936)中表示的字符。请将该文件保存为 Unicode 格式以防止数据丢失
     1>c:\users\lenovo\desktop\数据库2015\dbms\数据库2015\filemanager.h : warning C4819: 该文件包含不能在当前代码页(936)中表示的字符。请将该文件保存为 Unicode 格式以防止数据丢失
     1>c:\users\lenovo\desktop\数据库2015\dbms\数据库2015\type.h : warning C4819: 该文件包含不能在当前代码页(936)中表示的字符。请将该文件保存为 Unicode 格式以防止数据丢失
     1>c:\users\lenovo\desktop\数据库2015\dbms\数据库2015\baseobj.h : warning C4819: 该文件包含不能在当前代码页(936)中表示的字符。请将该文件保存为 Unicode 格式以防止数据丢失
     1>c:\users\lenovo\desktop\数据库2015\dbms\数据库2015\pagedef.h : warning C4819: 该文件包含不能在当前代码页(936)中表示的字符。请将该文件保存为 Unicode 格式以防止数据丢失
     1>c:\users\lenovo\desktop\数据库2015\dbms\数据库2015\filetable.h(182): warning C4800: “int”: 将值强制为布尔值“true”或“false”(性能警告)
     1>c:\users\lenovo\desktop\数据库2015\dbms\数据库2015\filemanager.h(306): warning C4267: “=”: 从“size_t”转换到“int”，可能丢失数据
     1>c:\users\lenovo\desktop\数据库2015\dbms\数据库2015\filemanager.h(308): error C4996: 'strcpy': This function or variable may be unsafe. Consider using strcpy_s instead. To disable deprecation, use _CRT_SECURE_NO_WARNINGS. See online help for details.
         c:\program files (x86)\windows kits\10\include\10.0.10150.0\ucrt\string.h(119): note: 参见“strcpy”的声明
         stmt.cpp
     1>c:\users\lenovo\desktop\数据库2015\dbms\数据库2015\filemanager.h : warning C4819: 该文件包含不能在当前代码页(936)中表示的字符。请将该文件保存为 Unicode 格式以防止数据丢失
     1>c:\users\lenovo\desktop\数据库2015\dbms\数据库2015\type.h : warning C4819: 该文件包含不能在当前代码页(936)中表示的字符。请将该文件保存为 Unicode 格式以防止数据丢失
     1>c:\users\lenovo\desktop\数据库2015\dbms\数据库2015\baseobj.h : warning C4819: 该文件包含不能在当前代码页(936)中表示的字符。请将该文件保存为 Unicode 格式以防止数据丢失
     1>c:\users\lenovo\desktop\数据库2015\dbms\数据库2015\pagedef.h : warning C4819: 该文件包含不能在当前代码页(936)中表示的字符。请将该文件保存为 Unicode 格式以防止数据丢失
     1>c:\users\lenovo\desktop\数据库2015\dbms\数据库2015\filetable.h(182): warning C4800: “int”: 将值强制为布尔值“true”或“false”(性能警告)
     1>c:\users\lenovo\desktop\数据库2015\dbms\数据库2015\filemanager.h(306): warning C4267: “=”: 从“size_t”转换到“int”，可能丢失数据
     1>c:\users\lenovo\desktop\数据库2015\dbms\数据库2015\filemanager.h(308): error C4996: 'strcpy': This function or variable may be unsafe. Consider using strcpy_s instead. To disable deprecation, use _CRT_SECURE_NO_WARNINGS. See online help for details.
         c:\program files (x86)\windows kits\10\include\10.0.10150.0\ucrt\string.h(119): note: 参见“strcpy”的声明
         parser.cpp
     1>c:\users\lenovo\desktop\数据库2015\dbms\数据库2015\filemanager.h : warning C4819: 该文件包含不能在当前代码页(936)中表示的字符。请将该文件保存为 Unicode 格式以防止数据丢失
     1>c:\users\lenovo\desktop\数据库2015\dbms\数据库2015\type.h : warning C4819: 该文件包含不能在当前代码页(936)中表示的字符。请将该文件保存为 Unicode 格式以防止数据丢失
     1>c:\users\lenovo\desktop\数据库2015\dbms\数据库2015\baseobj.h : warning C4819: 该文件包含不能在当前代码页(936)中表示的字符。请将该文件保存为 Unicode 格式以防止数据丢失
     1>c:\users\lenovo\desktop\数据库2015\dbms\数据库2015\pagedef.h : warning C4819: 该文件包含不能在当前代码页(936)中表示的字符。请将该文件保存为 Unicode 格式以防止数据丢失
     1>c:\users\lenovo\desktop\数据库2015\dbms\数据库2015\filetable.h(182): warning C4800: “int”: 将值强制为布尔值“true”或“false”(性能警告)
     1>c:\users\lenovo\desktop\数据库2015\dbms\数据库2015\filemanager.h(306): warning C4267: “=”: 从“size_t”转换到“int”，可能丢失数据
     1>c:\users\lenovo\desktop\数据库2015\dbms\数据库2015\filemanager.h(308): error C4996: 'strcpy': This function or variable may be unsafe. Consider using strcpy_s instead. To disable deprecation, use _CRT_SECURE_NO_WARNINGS. See online help for details.
         c:\program files (x86)\windows kits\10\include\10.0.10150.0\ucrt\string.h(119): note: 参见“strcpy”的声明
         object.cpp
     1>c:\users\lenovo\desktop\数据库2015\dbms\数据库2015\type.h : warning C4819: 该文件包含不能在当前代码页(936)中表示的字符。请将该文件保存为 Unicode 格式以防止数据丢失
     1>c:\users\lenovo\desktop\数据库2015\dbms\数据库2015\baseobj.h : warning C4819: 该文件包含不能在当前代码页(936)中表示的字符。请将该文件保存为 Unicode 格式以防止数据丢失
     1>c:\users\lenovo\desktop\数据库2015\dbms\数据库2015\pagedef.h : warning C4819: 该文件包含不能在当前代码页(936)中表示的字符。请将该文件保存为 Unicode 格式以防止数据丢失
     1>c:\users\lenovo\desktop\数据库2015\dbms\数据库2015\filetable.h(182): warning C4800: “int”: 将值强制为布尔值“true”或“false”(性能警告)
     1>c:\users\lenovo\desktop\数据库2015\dbms\数据库2015\object.cpp(13): warning C4267: “=”: 从“size_t”转换到“int”，可能丢失数据
     1>c:\users\lenovo\desktop\数据库2015\dbms\数据库2015\object.cpp(53): warning C4800: “int”: 将值强制为布尔值“true”或“false”(性能警告)
     1>c:\users\lenovo\desktop\数据库2015\dbms\数据库2015\object.cpp(58): warning C4800: “int”: 将值强制为布尔值“true”或“false”(性能警告)
         正在生成代码...
     1>已完成生成项目“C:\Users\lenovo\Desktop\数据库2015\DBMS\数据库2015\数据库2015.vcxproj”(Build 个目标)的操作 - 失败。

生成失败。

已用时间 00:00:04.85
